<?xml version="1.0" encoding="UTF-8"?>
<!-- Generated by org.testng.reporters.JUnitXMLReporter -->
<testsuite hostname="DDC2-D-9tjj882" ignored="0" name="Default test" tests="4" failures="0" timestamp="23 Jul 2019 04:32:10 GMT" time="48.05" errors="0">
  <testcase name="testRegistration" time="34.321" classname="Casestudy3.Casestudy3.Onlineshopping"/>
  <testcase name="testLogin" time="0.657" classname="Casestudy3.Casestudy3.Onlineshopping"/>
  <testcase name="testCart" time="4.209" classname="Casestudy3.Casestudy3.Onlineshopping"/>
  <testcase name="testPayment" time="7.792" classname="Casestudy3.Casestudy3.Onlineshopping"/>
</testsuite> <!-- Default test -->
